In file included from ../src/bufferutil.cc:15:
../node_modules/nan/nan.h:207:68: error: too many arguments to function call, expected at most 2, have 4
    return v8::Signature::New(v8::Isolate::GetCurrent(), receiver, argc, argv);
           ~~~~~~~~~~~~~~~~~~                                      ^~~~~~~~~~
/Users/northm/.node-gyp/2.0.1/deps/v8/include/v8.h:4188:3: note: 'New' declared here
  static Local<Signature> New(
  ^
../src/bufferutil.cc:32:17: warning: 'NanSymbol' is deprecated [-Wdeprecated-declarations]
    target->Set(NanSymbol("BufferUtil"), t->GetFunction());
                ^
../node_modules/nan/nan.h:616:51: note: 'NanSymbol' has been explicitly marked deprecated here
  NAN_DEPRECATED NAN_INLINE v8::Local<v8::String> NanSymbol(
                                                  ^
1 warning and 1 error generated.
make: *** [Release/obj.target/bufferutil/src/bufferutil.o] Error 1
gyp ERR! build error 
gyp ERR! stack Error: `make` failed with exit code: 2
gyp ERR! stack     at ChildProcess.onExit (/usr/local/Cellar/nvm/0.23.3/versions/io.js/v2.0.1/lib/node_modules/npm/node_modules/node-gyp/lib/build.js:269:23)
gyp ERR! stack     at emitTwo (events.js:87:13)
gyp ERR! stack     at ChildProcess.emit (events.js:169:7)
gyp ERR! stack     at Process.ChildProcess._handle.onexit (child_process.js:1009:12)
gyp ERR! System Darwin 14.3.0
gyp ERR! command "/usr/local/Cellar/nvm/0.23.3/versions/io.js/v2.0.1/bin/iojs" "/usr/local/Cellar/nvm/0.23.3/versions/io.js/v2.0.1/lib/node_modules/npm/node_modules/node-gyp/bin/node-gyp.js" "rebuild"
gyp ERR! cwd /Users/northm/Development/ember-infinity/node_modules/ember-cli/node_modules/testem/node_modules/socket.io/node_modules/engine.io/node_modules/ws
gyp ERR! node -v v2.0.1
gyp ERR! node-gyp -v v1.0.3
gyp ERR! not ok 
